2019-12-04 14:18:30,294 - INFO - 23597 - 开始进行爬虫.....目标对象: bilibili
2019-12-04 14:18:30,295 - INFO - 23597 - 开始进入循环，准备添加线程
2019-12-04 14:18:30,297 - INFO - 23573 - 开始进行爬虫.....目标对象: bilibili
2019-12-04 14:18:30,298 - INFO - 23573 - 开始进入循环，准备添加线程
2019-12-04 14:18:30,300 - INFO - 23594 - 开始进行爬虫.....目标对象: bilibili
2019-12-04 14:18:30,300 - INFO - 23594 - 开始进入循环，准备添加线程
2019-12-04 14:18:30,303 - INFO - 23567 - 开始进行爬虫.....目标对象: bilibili
2019-12-04 14:18:30,303 - INFO - 23567 - 开始进入循环，准备添加线程
2019-12-04 14:18:30,327 - INFO - 23570 - 开始进行爬虫.....目标对象: bilibili
2019-12-04 14:18:30,327 - INFO - 23570 - 开始进入循环，准备添加线程
2019-12-04 14:18:30,352 - INFO - 23592 - 开始进行爬虫.....目标对象: bilibili
2019-12-04 14:18:30,352 - INFO - 23592 - 开始进入循环，准备添加线程
2019-12-04 14:18:30,434 - INFO - 23597 - 启动线程: 8800001至9690001
2019-12-04 14:18:30,434 - INFO - 23597 - 启动线程结束，开始守候线程
2019-12-04 14:18:30,435 - INFO - 23573 - 启动线程: 8700001至9580001
2019-12-04 14:18:30,436 - INFO - 23573 - 启动线程结束，开始守候线程
2019-12-04 14:18:30,436 - INFO - 23594 - 启动线程: 9100001至10940001
2019-12-04 14:18:30,436 - INFO - 23594 - 启动线程结束，开始守候线程
2019-12-04 14:18:30,437 - INFO - 23567 - 启动线程: 5000001至6020001
2019-12-04 14:18:30,437 - INFO - 23567 - 启动线程结束，开始守候线程
2019-12-04 14:18:30,462 - INFO - 23570 - 启动线程: 9000001至10820001
2019-12-04 14:18:30,462 - INFO - 23570 - 启动线程结束，开始守候线程
2019-12-04 14:18:30,474 - INFO - 23592 - 启动线程: 5100001至6140001
2019-12-04 14:18:30,474 - INFO - 23592 - 启动线程结束，开始守候线程
2019-12-04 14:18:31,157 - INFO - 23619 - 开始进行爬虫.....目标对象: bilibili
2019-12-04 14:18:31,157 - INFO - 23619 - 开始进入循环，准备添加线程
2019-12-04 14:18:31,174 - INFO - 23617 - 开始进行爬虫.....目标对象: bilibili
2019-12-04 14:18:31,174 - INFO - 23617 - 开始进入循环，准备添加线程
2019-12-04 14:18:31,317 - INFO - 23622 - 开始进行爬虫.....目标对象: bilibili
2019-12-04 14:18:31,317 - INFO - 23622 - 开始进入循环，准备添加线程
2019-12-04 14:18:31,345 - INFO - 23619 - 启动线程: 9200001至11060001
2019-12-04 14:18:31,345 - INFO - 23619 - 启动线程结束，开始守候线程
2019-12-04 14:18:31,358 - INFO - 23617 - 启动线程: 5200001至6260001
2019-12-04 14:18:31,359 - INFO - 23617 - 启动线程结束，开始守候线程
2019-12-04 14:18:31,486 - INFO - 23622 - 启动线程: 8900001至9800001
2019-12-04 14:18:31,486 - INFO - 23622 - 启动线程结束，开始守候线程
2019-12-04 14:18:32,039 - INFO - 23641 - 开始进行爬虫.....目标对象: bilibili
2019-12-04 14:18:32,039 - INFO - 23641 - 开始进入循环，准备添加线程
2019-12-04 14:18:32,265 - INFO - 23641 - 启动线程: 9300001至11180001
2019-12-04 14:18:32,265 - INFO - 23641 - 启动线程结束，开始守候线程
2019-12-04 14:18:32,329 - INFO - 23646 - 开始进行爬虫.....目标对象: bilibili
2019-12-04 14:18:32,329 - INFO - 23646 - 开始进入循环，准备添加线程
2019-12-04 14:18:32,441 - INFO - 23644 - 开始进行爬虫.....目标对象: bilibili
2019-12-04 14:18:32,441 - INFO - 23644 - 开始进入循环，准备添加线程
2019-12-04 14:18:32,491 - INFO - 23646 - 启动线程: 9000001至9910001
2019-12-04 14:18:32,491 - INFO - 23646 - 启动线程结束，开始守候线程
2019-12-04 14:18:32,606 - INFO - 23644 - 启动线程: 5300001至6380001
2019-12-04 14:18:32,606 - INFO - 23644 - 启动线程结束，开始守候线程
2019-12-04 14:18:33,294 - INFO - 23669 - 开始进行爬虫.....目标对象: bilibili
2019-12-04 14:18:33,294 - INFO - 23669 - 开始进入循环，准备添加线程
2019-12-04 14:18:33,425 - INFO - 23667 - 开始进行爬虫.....目标对象: bilibili
2019-12-04 14:18:33,425 - INFO - 23667 - 开始进入循环，准备添加线程
2019-12-04 14:18:33,445 - INFO - 23669 - 启动线程: 5400001至6500001
2019-12-04 14:18:33,445 - INFO - 23669 - 启动线程结束，开始守候线程
2019-12-04 14:18:33,491 - INFO - 23671 - 开始进行爬虫.....目标对象: bilibili
2019-12-04 14:18:33,491 - INFO - 23671 - 开始进入循环，准备添加线程
2019-12-04 14:18:33,566 - INFO - 23667 - 启动线程: 9400001至11300001
2019-12-04 14:18:33,566 - INFO - 23667 - 启动线程结束，开始守候线程
2019-12-04 14:18:33,717 - INFO - 23671 - 启动线程: 9100001至10020001
2019-12-04 14:18:33,717 - INFO - 23671 - 启动线程结束，开始守候线程
2019-12-04 14:18:34,483 - INFO - 23702 - 开始进行爬虫.....目标对象: bilibili
2019-12-04 14:18:34,483 - INFO - 23702 - 开始进入循环，准备添加线程
2019-12-04 14:18:34,565 - INFO - 23705 - 开始进行爬虫.....目标对象: bilibili
2019-12-04 14:18:34,565 - INFO - 23705 - 开始进入循环，准备添加线程
2019-12-04 14:18:34,602 - INFO - 23702 - 启动线程: 9500001至11420001
2019-12-04 14:18:34,602 - INFO - 23702 - 启动线程结束，开始守候线程
2019-12-04 14:18:34,720 - INFO - 23711 - 开始进行爬虫.....目标对象: bilibili
2019-12-04 14:18:34,720 - INFO - 23711 - 开始进入循环，准备添加线程
2019-12-04 14:18:34,733 - INFO - 23705 - 启动线程: 5500001至6620001
2019-12-04 14:18:34,733 - INFO - 23705 - 启动线程结束，开始守候线程
2019-12-04 14:18:34,875 - INFO - 23644 - 插入数据成功, id: 5300002, 名字: 死亡確認です, 性别: 女, 粉丝数量: 0.
2019-12-04 14:18:35,008 - INFO - 23711 - 启动线程: 9200001至10130001
2019-12-04 14:18:35,008 - INFO - 23711 - 启动线程结束，开始守候线程
2019-12-04 14:18:35,736 - INFO - 23741 - 开始进行爬虫.....目标对象: bilibili
2019-12-04 14:18:35,736 - INFO - 23741 - 开始进入循环，准备添加线程
2019-12-04 14:18:35,792 - INFO - 23745 - 开始进行爬虫.....目标对象: bilibili
2019-12-04 14:18:35,793 - INFO - 23745 - 开始进入循环，准备添加线程
2019-12-04 14:18:35,824 - INFO - 23743 - 开始进行爬虫.....目标对象: bilibili
2019-12-04 14:18:35,824 - INFO - 23743 - 开始进入循环，准备添加线程
2019-12-04 14:18:35,856 - INFO - 23702 - 插入数据成功, id: 9500001, 名字: 撒墨水的小明, 性别: 保密, 粉丝数量: 52.
2019-12-04 14:18:35,963 - INFO - 23741 - 启动线程: 5600001至6740001
2019-12-04 14:18:35,963 - INFO - 23741 - 启动线程结束，开始守候线程
2019-12-04 14:18:36,055 - INFO - 23745 - 启动线程: 9300001至10240001
2019-12-04 14:18:36,055 - INFO - 23745 - 启动线程结束，开始守候线程
2019-12-04 14:18:36,118 - INFO - 23743 - 启动线程: 9600001至11540001
2019-12-04 14:18:36,118 - INFO - 23743 - 启动线程结束，开始守候线程
2019-12-04 14:18:36,819 - INFO - 23779 - 开始进行爬虫.....目标对象: bilibili
2019-12-04 14:18:36,819 - INFO - 23779 - 开始进入循环，准备添加线程
2019-12-04 14:18:36,834 - INFO - 23781 - 开始进行爬虫.....目标对象: bilibili
2019-12-04 14:18:36,835 - INFO - 23781 - 开始进入循环，准备添加线程
2019-12-04 14:18:36,935 - INFO - 23783 - 开始进行爬虫.....目标对象: bilibili
2019-12-04 14:18:36,935 - INFO - 23783 - 开始进入循环，准备添加线程
2019-12-04 14:18:36,985 - INFO - 23779 - 启动线程: 9700001至11660001
2019-12-04 14:18:36,986 - INFO - 23779 - 启动线程结束，开始守候线程
2019-12-04 14:18:37,026 - INFO - 23781 - 启动线程: 5700001至6860001
2019-12-04 14:18:37,026 - INFO - 23781 - 启动线程结束，开始守候线程
2019-12-04 14:18:37,127 - INFO - 23783 - 启动线程: 9400001至10350001
2019-12-04 14:18:37,127 - INFO - 23783 - 启动线程结束，开始守候线程
2019-12-04 14:18:37,498 - INFO - 23743 - 插入数据成功, id: 9600001, 名字: 雨夹雪后晴, 性别: 保密, 粉丝数量: 0.
2019-12-04 14:18:37,925 - INFO - 23813 - 开始进行爬虫.....目标对象: bilibili
2019-12-04 14:18:37,925 - INFO - 23813 - 开始进入循环，准备添加线程
2019-12-04 14:18:37,938 - INFO - 23669 - 插入数据成功, id: 5400003, 名字: 叫我六条大人, 性别: 保密, 粉丝数量: 2.
2019-12-04 14:18:38,001 - INFO - 23815 - 开始进行爬虫.....目标对象: bilibili
2019-12-04 14:18:38,001 - INFO - 23815 - 开始进入循环，准备添加线程
2019-12-04 14:18:38,065 - INFO - 23813 - 启动线程: 9800001至11780001
2019-12-04 14:18:38,066 - INFO - 23813 - 启动线程结束，开始守候线程
2019-12-04 14:18:38,134 - INFO - 23815 - 启动线程: 5800001至6980001
2019-12-04 14:18:38,134 - INFO - 23815 - 启动线程结束，开始守候线程
2019-12-04 14:18:38,288 - INFO - 23779 - 插入数据成功, id: 9700001, 名字: nndtaqsa1580, 性别: 保密, 粉丝数量: 0.
2019-12-04 14:18:38,290 - INFO - 23818 - 开始进行爬虫.....目标对象: bilibili
2019-12-04 14:18:38,291 - INFO - 23818 - 开始进入循环，准备添加线程
2019-12-04 14:18:38,516 - INFO - 23818 - 启动线程: 9500001至10460001
2019-12-04 14:18:38,517 - INFO - 23818 - 启动线程结束，开始守候线程
2019-12-04 14:18:38,982 - INFO - 23854 - 开始进行爬虫.....目标对象: bilibili
2019-12-04 14:18:38,982 - INFO - 23854 - 开始进入循环，准备添加线程
2019-12-04 14:18:38,985 - INFO - 23852 - 开始进行爬虫.....目标对象: bilibili
2019-12-04 14:18:38,985 - INFO - 23852 - 开始进入循环，准备添加线程
2019-12-04 14:18:38,988 - INFO - 23850 - 开始进行爬虫.....目标对象: bilibili
2019-12-04 14:18:38,988 - INFO - 23850 - 开始进入循环，准备添加线程
2019-12-04 14:18:39,062 - INFO - 23854 - 启动线程: 9600001至10570001
2019-12-04 14:18:39,062 - INFO - 23854 - 启动线程结束，开始守候线程
2019-12-04 14:18:39,062 - INFO - 23852 - 启动线程: 5900001至7100001
2019-12-04 14:18:39,062 - INFO - 23852 - 启动线程结束，开始守候线程
2019-12-04 14:18:39,063 - INFO - 23850 - 启动线程: 9900001至11900001
2019-12-04 14:18:39,063 - INFO - 23850 - 启动线程结束，开始守候线程
2019-12-04 14:18:39,130 - INFO - 23813 - 插入数据成功, id: 9800001, 名字: CHOK丶猫, 性别: 保密, 粉丝数量: 0.
2019-12-04 14:18:39,284 - INFO - 23779 - 插入数据成功, id: 9700002, 名字: vrbn7735, 性别: 保密, 粉丝数量: 0.
2019-12-04 14:18:39,837 - INFO - 23890 - 开始进行爬虫.....目标对象: bilibili
2019-12-04 14:18:39,837 - INFO - 23890 - 开始进入循环，准备添加线程
2019-12-04 14:18:39,839 - INFO - 23813 - 插入数据成功, id: 9800002, 名字: xmmlh3dhl, 性别: 保密, 粉丝数量: 0.
2019-12-04 14:18:39,886 - INFO - 23779 - 插入数据成功, id: 9700003, 名字: rtxgibu1120, 性别: 保密, 粉丝数量: 0.
2019-12-04 14:18:39,922 - INFO - 23894 - 开始进行爬虫.....目标对象: bilibili
2019-12-04 14:18:39,923 - INFO - 23894 - 开始进入循环，准备添加线程
2019-12-04 14:18:39,931 - INFO - 23890 - 启动线程: 10000001至12020001
2019-12-04 14:18:39,931 - INFO - 23890 - 启动线程结束，开始守候线程
2019-12-04 14:18:39,992 - INFO - 23818 - 插入数据成功, id: 9500002, 名字: hmmlhfec7, 性别: 保密, 粉丝数量: 0.
2019-12-04 14:18:40,063 - INFO - 23894 - 启动线程: 9700001至10680001
2019-12-04 14:18:40,064 - INFO - 23894 - 启动线程结束，开始守候线程
2019-12-04 14:18:40,203 - INFO - 23892 - 开始进行爬虫.....目标对象: bilibili
2019-12-04 14:18:40,203 - INFO - 23892 - 开始进入循环，准备添加线程
2019-12-04 14:18:40,272 - INFO - 23850 - 插入数据成功, id: 9900001, 名字: 正大官人, 性别: 保密, 粉丝数量: 2.
2019-12-04 14:18:40,333 - INFO - 23892 - 启动线程: 6000001至7220001
2019-12-04 14:18:40,334 - INFO - 23892 - 启动线程结束，开始守候线程
2019-12-04 14:18:40,826 - INFO - 23890 - 插入数据成功, id: 10000001, 名字: 无式流韵, 性别: 保密, 粉丝数量: 1.
2019-12-04 14:18:41,331 - INFO - 23938 - 开始进行爬虫.....目标对象: bilibili
2019-12-04 14:18:41,331 - INFO - 23938 - 开始进入循环，准备添加线程
2019-12-04 14:18:41,334 - INFO - 23938 - 启动线程: 9800001至10790001
2019-12-04 14:18:41,334 - INFO - 23938 - 启动线程结束，开始守候线程
2019-12-04 14:18:41,826 - INFO - 23892 - 插入数据成功, id: 6000002, 名字: 突然想放屁, 性别: 保密, 粉丝数量: 0.
2019-12-04 14:18:42,350 - INFO - 23892 - 插入数据成功, id: 6000003, 名字: 他予他玫瑰花, 性别: 保密, 粉丝数量: 0.
2019-12-04 14:18:42,986 - INFO - 23894 - 插入数据成功, id: 9700004, 名字: xliu9028, 性别: 保密, 粉丝数量: 0.
2019-12-04 14:18:42,993 - INFO - 23890 - 插入数据成功, id: 10000002, 名字: LittlemonsterT, 性别: 保密, 粉丝数量: 1.
2019-12-04 14:18:43,008 - INFO - 23892 - 插入数据成功, id: 6000004, 名字: 小妮木, 性别: 保密, 粉丝数量: 0.
2019-12-04 14:18:43,271 - INFO - 23964 - 开始进行爬虫.....目标对象: bilibili
2019-12-04 14:18:43,272 - INFO - 23964 - 开始进入循环，准备添加线程
2019-12-04 14:18:43,314 - INFO - 23964 - 启动线程: 9900001至10900001
2019-12-04 14:18:43,314 - INFO - 23964 - 启动线程结束，开始守候线程
2019-12-04 14:18:43,699 - INFO - 23892 - 插入数据成功, id: 6000005, 名字: 小凯你会发光i, 性别: 保密, 粉丝数量: 0.
2019-12-04 14:18:44,334 - INFO - 24018 - 开始进行爬虫.....目标对象: bilibili
2019-12-04 14:18:44,334 - INFO - 24018 - 开始进入循环，准备添加线程
2019-12-04 14:18:44,339 - INFO - 24004 - 开始进行爬虫.....目标对象: bilibili
2019-12-04 14:18:44,339 - INFO - 24004 - 开始进入循环，准备添加线程
2019-12-04 14:18:44,342 - INFO - 23993 - 开始进行爬虫.....目标对象: bilibili
2019-12-04 14:18:44,343 - INFO - 23993 - 开始进入循环，准备添加线程
2019-12-04 14:18:44,344 - INFO - 24018 - 启动线程: 10200001至11230001
2019-12-04 14:18:44,344 - INFO - 24018 - 启动线程结束，开始守候线程
2019-12-04 14:18:44,344 - INFO - 24004 - 启动线程: 10100001至11120001
2019-12-04 14:18:44,344 - INFO - 24004 - 启动线程结束，开始守候线程
2019-12-04 14:18:44,345 - INFO - 23993 - 启动线程: 10000001至11010001
2019-12-04 14:18:44,345 - INFO - 23993 - 启动线程结束，开始守候线程
2019-12-04 14:18:44,955 - INFO - 24018 - 插入数据成功, id: 10200001, 名字: linken993784, 性别: 保密, 粉丝数量: 0.
2019-12-04 14:18:44,956 - INFO - 24004 - 插入数据成功, id: 10100001, 名字: ZCaptain, 性别: 保密, 粉丝数量: 3.
2019-12-04 14:18:46,261 - INFO - 23592 - 插入数据成功, id: 5100003, 名字: 653049657, 性别: 保密, 粉丝数量: 0.
2019-12-04 14:18:47,140 - INFO - 23592 - 插入数据成功, id: 5100004, 名字: ElPsyCongroo02, 性别: 男, 粉丝数量: 5.
2019-12-04 14:18:47,889 - INFO - 24037 - 开始进行爬虫.....目标对象: bilibili
2019-12-04 14:18:47,890 - INFO - 24037 - 开始进入循环，准备添加线程
2019-12-04 14:18:47,953 - INFO - 23702 - 插入数据成功, id: 9500003, 名字: 涵粤狠蘩, 性别: 女, 粉丝数量: 1.
2019-12-04 14:18:47,959 - INFO - 24037 - 启动线程: 10300001至11340001
2019-12-04 14:18:47,959 - INFO - 24037 - 启动线程结束，开始守候线程
2019-12-04 14:18:48,649 - INFO - 23741 - 插入数据成功, id: 5600002, 名字: 宫永照丶, 性别: 保密, 粉丝数量: 0.
2019-12-04 14:18:48,821 - INFO - 24059 - 开始进行爬虫.....目标对象: bilibili
2019-12-04 14:18:48,821 - INFO - 24059 - 开始进入循环，准备添加线程
2019-12-04 14:18:48,870 - INFO - 24059 - 启动线程: 10400001至11450001
2019-12-04 14:18:48,870 - INFO - 24059 - 启动线程结束，开始守候线程
2019-12-04 14:18:48,973 - INFO - 23592 - 插入数据成功, id: 5100005, 名字: s8378501, 性别: 保密, 粉丝数量: 0.
2019-12-04 14:18:49,100 - INFO - 23993 - 插入数据成功, id: 10000003, 名字: Akagi赛高, 性别: 保密, 粉丝数量: 1.
2019-12-04 14:18:50,593 - INFO - 23741 - 插入数据成功, id: 5600003, 名字: luckynb25, 性别: 保密, 粉丝数量: 0.
2019-12-04 14:18:50,597 - INFO - 23743 - 插入数据成功, id: 9600002, 名字: youlike2014, 性别: 保密, 粉丝数量: 0.
2019-12-04 14:18:50,682 - INFO - 23592 - 插入数据成功, id: 5100006, 名字: 北极碎片, 性别: 保密, 粉丝数量: 0.
2019-12-04 14:18:51,220 - INFO - 24077 - 开始进行爬虫.....目标对象: bilibili
2019-12-04 14:18:51,221 - INFO - 24077 - 开始进入循环，准备添加线程
2019-12-04 14:18:51,224 - INFO - 24096 - 开始进行爬虫.....目标对象: bilibili
2019-12-04 14:18:51,224 - INFO - 24096 - 开始进入循环，准备添加线程
2019-12-04 14:18:51,228 - INFO - 24107 - 开始进行爬虫.....目标对象: bilibili
2019-12-04 14:18:51,228 - INFO - 24107 - 开始进入循环，准备添加线程
2019-12-04 14:18:51,455 - INFO - 24107 - 启动线程: 10700001至11780001
2019-12-04 14:18:51,455 - INFO - 24107 - 启动线程结束，开始守候线程
2019-12-04 14:18:51,456 - INFO - 24077 - 启动线程: 10500001至11560001
2019-12-04 14:18:51,457 - INFO - 24077 - 启动线程结束，开始守候线程
2019-12-04 14:18:51,457 - INFO - 24096 - 启动线程: 10600001至11670001
2019-12-04 14:18:51,457 - INFO - 24096 - 启动线程结束，开始守候线程
2019-12-04 14:18:51,597 - INFO - 23743 - 插入数据成功, id: 9600003, 名字: masha304626, 性别: 保密, 粉丝数量: 0.
2019-12-04 14:18:51,631 - INFO - 23741 - 插入数据成功, id: 5600004, 名字: waterglasses, 性别: 保密, 粉丝数量: 0.
2019-12-04 14:18:52,606 - INFO - 23743 - 插入数据成功, id: 9600004, 名字: 三爷N, 性别: 保密, 粉丝数量: 0.
2019-12-04 14:18:52,651 - INFO - 23850 - 插入数据成功, id: 9900002, 名字: 小隳儿有剁不完的手, 性别: 女, 粉丝数量: 31.
2019-12-04 14:18:52,655 - INFO - 23852 - 插入数据成功, id: 5900002, 名字: 皓旋, 性别: 男, 粉丝数量: 0.
2019-12-04 14:18:52,786 - INFO - 23741 - 插入数据成功, id: 5600005, 名字: zleoyyttu, 性别: 保密, 粉丝数量: 0.
2019-12-04 14:18:53,038 - INFO - 24107 - 插入数据成功, id: 10700001, 名字: bliblica, 性别: 保密, 粉丝数量: 0.
2019-12-04 14:18:53,474 - INFO - 24077 - 插入数据成功, id: 10500001, 名字: baulbalu, 性别: 保密, 粉丝数量: 0.
2019-12-04 14:18:53,482 - INFO - 24096 - 插入数据成功, id: 10600001, 名字: 416022166140, 性别: 保密, 粉丝数量: 0.
2019-12-04 14:18:53,630 - INFO - 23852 - 插入数据成功, id: 5900003, 名字: ppwansui1, 性别: 保密, 粉丝数量: 0.
2019-12-04 14:18:54,015 - INFO - 23743 - 插入数据成功, id: 9600005, 名字: 心跳已不在, 性别: 保密, 粉丝数量: 0.
2019-12-04 14:18:54,181 - INFO - 23617 - 插入数据成功, id: 5200002, 名字: ytykjqcgl, 性别: 保密, 粉丝数量: 0.
2019-12-04 14:18:54,239 - INFO - 24107 - 插入数据成功, id: 10700002, 名字: 雪茄户外, 性别: 保密, 粉丝数量: 0.
2019-12-04 14:18:54,874 - INFO - 24120 - 开始进行爬虫.....目标对象: bilibili
2019-12-04 14:18:54,874 - INFO - 24120 - 开始进入循环，准备添加线程
2019-12-04 14:18:55,065 - INFO - 24096 - 插入数据成功, id: 10600002, 名字: wtkzhd127, 性别: 保密, 粉丝数量: 0.
2019-12-04 14:18:55,066 - INFO - 24120 - 启动线程: 10800001至11890001
2019-12-04 14:18:55,066 - INFO - 24120 - 启动线程结束，开始守候线程
2019-12-04 14:18:55,266 - INFO - 23892 - 插入数据成功, id: 6000006, 名字: s沙滩裤, 性别: 保密, 粉丝数量: 0.
2019-12-04 14:18:55,266 - INFO - 23852 - 插入数据成功, id: 5900004, 名字: 丶放纵ヾ, 性别: 保密, 粉丝数量: 0.
2019-12-04 14:18:55,314 - INFO - 23818 - 插入数据成功, id: 9500004, 名字: rl47892075, 性别: 保密, 粉丝数量: 0.
2019-12-04 14:18:55,482 - INFO - 23894 - 插入数据成功, id: 9700005, 名字: axgygx9272, 性别: 保密, 粉丝数量: 0.
2019-12-04 14:18:55,485 - INFO - 23743 - 插入数据成功, id: 9600006, 名字: 一库队长, 性别: 保密, 粉丝数量: 0.
2019-12-04 14:18:55,854 - INFO - 23741 - 插入数据成功, id: 5600006, 名字: luckynb26, 性别: 保密, 粉丝数量: 0.
2019-12-04 14:18:56,468 - INFO - 24096 - 插入数据成功, id: 10600003, 名字: jane900311342, 性别: 保密, 粉丝数量: 0.
2019-12-04 14:18:56,642 - INFO - 24107 - 插入数据成功, id: 10700003, 名字: 战斗型庸医, 性别: 保密, 粉丝数量: 21.
2019-12-04 14:18:56,890 - INFO - 24135 - 开始进行爬虫.....目标对象: bilibili
2019-12-04 14:18:56,890 - INFO - 24135 - 开始进入循环，准备添加线程
2019-12-04 14:18:56,954 - INFO - 23894 - 插入数据成功, id: 9700006, 名字: pllxar516, 性别: 保密, 粉丝数量: 0.
2019-12-04 14:18:56,960 - INFO - 24018 - 插入数据成功, id: 10200002, 名字: suv4601trs, 性别: 保密, 粉丝数量: 0.
2019-12-04 14:18:57,030 - INFO - 24135 - 启动线程: 10900001至12000001
2019-12-04 14:18:57,030 - INFO - 24135 - 启动线程结束，开始守候线程
2019-12-04 14:18:57,470 - INFO - 23743 - 插入数据成功, id: 9600007, 名字: 二抽二抽, 性别: 保密, 粉丝数量: 0.
2019-12-04 14:18:57,602 - INFO - 24107 - 插入数据成功, id: 10700004, 名字: billiejeab, 性别: 保密, 粉丝数量: 0.
2019-12-04 14:18:57,732 - INFO - 24096 - 插入数据成功, id: 10600004, 名字: chenjx9008033, 性别: 保密, 粉丝数量: 0.
2019-12-04 14:18:58,084 - INFO - 24018 - 插入数据成功, id: 10200003, 名字: jiebao423529, 性别: 保密, 粉丝数量: 0.
2019-12-04 14:18:58,091 - INFO - 23894 - 插入数据成功, id: 9700007, 名字: cjkodfq3531, 性别: 保密, 粉丝数量: 0.
2019-12-04 14:18:59,462 - INFO - 24154 - 开始进行爬虫.....目标对象: bilibili
2019-12-04 14:18:59,493 - INFO - 24154 - 开始进入循环，准备添加线程
2019-12-04 14:18:59,526 - INFO - 24154 - 启动线程: 11000001至12110001
2019-12-04 14:18:59,526 - INFO - 24154 - 启动线程结束，开始守候线程
2019-12-04 14:18:59,966 - INFO - 24107 - 插入数据成功, id: 10700005, 名字: purpura, 性别: 女, 粉丝数量: 1.
2019-12-04 14:19:00,133 - INFO - 23993 - 插入数据成功, id: 10000004, 名字: ToxicFrog, 性别: 保密, 粉丝数量: 1.
2019-12-04 14:19:00,133 - INFO - 24135 - 插入数据成功, id: 10900001, 名字: 8297001, 性别: 保密, 粉丝数量: 0.
2019-12-04 14:19:00,222 - INFO - 24018 - 插入数据成功, id: 10200004, 名字: zmmlh7766, 性别: 保密, 粉丝数量: 0.
2019-12-04 14:19:00,190 - INFO - 23644 - 插入数据成功, id: 5300003, 名字: ffemylwde, 性别: 保密, 粉丝数量: 0.
2019-12-04 14:19:00,239 - INFO - 23850 - 插入数据成功, id: 9900003, 名字: 呼啸狐仙, 性别: 保密, 粉丝数量: 0.
2019-12-04 14:19:00,244 - INFO - 24096 - 插入数据成功, id: 10600005, 名字: yangjie0574533, 性别: 保密, 粉丝数量: 0.
2019-12-04 14:19:00,244 - INFO - 24037 - 插入数据成功, id: 10300001, 名字: ludwig2015, 性别: 保密, 粉丝数量: 0.
2019-12-04 14:19:00,245 - INFO - 23894 - 插入数据成功, id: 9700008, 名字: hnfus4814, 性别: 保密, 粉丝数量: 0.
2019-12-04 14:19:00,314 - INFO - 24059 - 插入数据成功, id: 10400001, 名字: Minkook_13, 性别: 男, 粉丝数量: 14.
2019-12-04 14:19:01,442 - INFO - 24177 - 开始进行爬虫.....目标对象: bilibili
2019-12-04 14:19:01,463 - INFO - 24177 - 开始进入循环，准备添加线程
2019-12-04 14:19:01,497 - INFO - 24107 - 插入数据成功, id: 10700006, 名字: Kidddddddddddddd, 性别: 保密, 粉丝数量: 0.
2019-12-04 14:19:01,559 - INFO - 24135 - 插入数据成功, id: 10900002, 名字: 励志上王者的阎王, 性别: 保密, 粉丝数量: 0.
2019-12-04 14:19:01,689 - INFO - 24177 - 启动线程: 11100001至12220001
2019-12-04 14:19:01,689 - INFO - 24177 - 启动线程结束，开始守候线程
2019-12-04 14:19:01,771 - INFO - 24037 - 插入数据成功, id: 10300002, 名字: 偶咴咴, 性别: 保密, 粉丝数量: 0.
2019-12-04 14:19:01,774 - INFO - 24202 - 开始进行爬虫.....目标对象: bilibili
2019-12-04 14:19:01,774 - INFO - 24202 - 开始进入循环，准备添加线程
2019-12-04 14:19:01,896 - INFO - 23993 - 插入数据成功, id: 10000005, 名字: 朱颜绯色, 性别: 保密, 粉丝数量: 1.
2019-12-04 14:19:01,904 - INFO - 23894 - 插入数据成功, id: 9700009, 名字: lknfoqu3471, 性别: 保密, 粉丝数量: 0.
2019-12-04 14:19:01,903 - INFO - 23669 - 插入数据成功, id: 5400004, 名字: 靠你妹a, 性别: 保密, 粉丝数量: 0.
2019-12-04 14:19:02,029 - INFO - 24202 - 启动线程: 11200001至12330001
2019-12-04 14:19:02,030 - INFO - 24202 - 启动线程结束，开始守候线程
2019-12-04 14:19:02,120 - INFO - 24018 - 插入数据成功, id: 10200005, 名字: fenniestyle, 性别: 女, 粉丝数量: 0.
2019-12-04 14:19:02,120 - INFO - 24096 - 插入数据成功, id: 10600006, 名字: 15996379598214, 性别: 保密, 粉丝数量: 0.
2019-12-04 14:19:04,542 - INFO - 24283 - 开始进行爬虫.....目标对象: bilibili
2019-12-04 14:19:04,624 - INFO - 24283 - 开始进入循环，准备添加线程
2019-12-04 14:19:04,544 - INFO - 24255 - 开始进行爬虫.....目标对象: bilibili
2019-12-04 14:19:04,625 - INFO - 24255 - 开始进入循环，准备添加线程
2019-12-04 14:19:04,527 - INFO - 24226 - 开始进行爬虫.....目标对象: bilibili
2019-12-04 14:19:04,625 - INFO - 24226 - 开始进入循环，准备添加线程
2019-12-04 14:19:04,626 - INFO - 24255 - 启动线程: 11400001至12550001
2019-12-04 14:19:04,626 - INFO - 24255 - 启动线程结束，开始守候线程
2019-12-04 14:19:04,630 - INFO - 24226 - 启动线程: 11300001至12440001
2019-12-04 14:19:04,630 - INFO - 24226 - 启动线程结束，开始守候线程
2019-12-04 14:19:04,630 - INFO - 24283 - 启动线程: 11500001至12660001
2019-12-04 14:19:04,630 - INFO - 24283 - 启动线程结束，开始守候线程
2019-12-04 14:19:04,806 - INFO - 24037 - 插入数据成功, id: 10300003, 名字: FunFanFine, 性别: 保密, 粉丝数量: 0.
2019-12-04 14:19:04,840 - INFO - 23669 - 插入数据成功, id: 5400005, 名字: etpuywfyc, 性别: 保密, 粉丝数量: 0.
2019-12-04 14:19:04,876 - INFO - 23592 - 插入数据成功, id: 5100007, 名字: Fjlyzjw, 性别: 保密, 粉丝数量: 0.
2019-12-04 14:19:04,876 - INFO - 24059 - 插入数据成功, id: 10400002, 名字: pase, 性别: 保密, 粉丝数量: 0.
2019-12-04 14:19:04,877 - INFO - 23894 - 插入数据成功, id: 9700010, 名字: hfqirbke4909, 性别: 保密, 粉丝数量: 0.
2019-12-04 14:19:04,877 - INFO - 24202 - 插入数据成功, id: 11200001, 名字: 小小宜, 性别: 女, 粉丝数量: 0.
2019-12-04 14:19:05,051 - INFO - 23993 - 插入数据成功, id: 10000006, 名字: Xzaqaaaaq, 性别: 男, 粉丝数量: 3.
2019-12-04 14:19:05,152 - INFO - 24135 - 插入数据成功, id: 10900003, 名字: CoCo阿哲, 性别: 男, 粉丝数量: 4.
2019-12-04 14:19:05,038 - INFO - 23781 - 插入数据成功, id: 5700006, 名字: 厨神汉尼拔, 性别: 男, 粉丝数量: 158.
2019-12-04 14:19:06,640 - INFO - 24037 - 插入数据成功, id: 10300004, 名字: linqiushi927, 性别: 保密, 粉丝数量: 0.
2019-12-04 14:19:06,643 - INFO - 23592 - 插入数据成功, id: 5100008, 名字: 丁姐, 性别: 女, 粉丝数量: 0.
2019-12-04 14:19:06,646 - INFO - 23669 - 插入数据成功, id: 5400006, 名字: asmtvvrlp, 性别: 保密, 粉丝数量: 0.
2019-12-04 14:19:06,647 - INFO - 23993 - 插入数据成功, id: 10000007, 名字: emmlhcc2c, 性别: 保密, 粉丝数量: 1.
2019-12-04 14:19:06,643 - INFO - 23938 - 插入数据成功, id: 9800003, 名字: xiyanshao, 性别: 保密, 粉丝数量: 0.
2019-12-04 14:19:06,818 - INFO - 23617 - 插入数据成功, id: 5200003, 名字: gkdhicrda, 性别: 保密, 粉丝数量: 0.
2019-12-04 14:19:06,819 - INFO - 24226 - 插入数据成功, id: 11300001, 名字: 进击的zr, 性别: 保密, 粉丝数量: 0.
2019-12-04 14:19:06,822 - INFO - 24135 - 插入数据成功, id: 10900004, 名字: 李橘子啦, 性别: 保密, 粉丝数量: 0.
2019-12-04 14:19:06,990 - INFO - 24255 - 插入数据成功, id: 11400001, 名字: 七宝的二姑凉, 性别: 保密, 粉丝数量: 4.
2019-12-04 14:19:07,610 - INFO - 23894 - 插入数据成功, id: 9700011, 名字: txyvlf3822, 性别: 保密, 粉丝数量: 0.
2019-12-04 14:19:07,668 - INFO - 24077 - 插入数据成功, id: 10500002, 名字: 049435469, 性别: 保密, 粉丝数量: 0.
2019-12-04 14:19:07,736 - INFO - 23815 - 插入数据成功, id: 5800004, 名字: feichuopu50, 性别: 保密, 粉丝数量: 0.
2019-12-04 14:19:07,835 - INFO - 23938 - 插入数据成功, id: 9800004, 名字: xiaoyuxing987, 性别: 保密, 粉丝数量: 1.
2019-12-04 14:19:07,838 - INFO - 23993 - 插入数据成功, id: 10000008, 名字: benchi616352, 性别: 保密, 粉丝数量: 1.
2019-12-04 14:19:07,993 - INFO - 24135 - 插入数据成功, id: 10900005, 名字: 2019太空漫游, 性别: 男, 粉丝数量: 0.
2019-12-04 14:19:08,017 - INFO - 23741 - 插入数据成功, id: 5600007, 名字: luckynb27, 性别: 保密, 粉丝数量: 0.
2019-12-04 14:19:08,018 - INFO - 23617 - 插入数据成功, id: 5200004, 名字: tqjabzjkr, 性别: 保密, 粉丝数量: 0.
2019-12-04 14:19:08,020 - INFO - 23669 - 插入数据成功, id: 5400007, 名字: 星梦無痕, 性别: 保密, 粉丝数量: 0.
2019-12-04 14:19:08,061 - INFO - 23818 - 插入数据成功, id: 9500005, 名字: 诸位全都是辣鸡, 性别: 保密, 粉丝数量: 17.
2019-12-04 14:19:08,318 - INFO - 24255 - 插入数据成功, id: 11400002, 名字: 仮面ライダーGARO, 性别: 男, 粉丝数量: 7.
2019-12-04 14:19:08,939 - INFO - 23894 - 插入数据成功, id: 9700012, 名字: atihoip4269, 性别: 保密, 粉丝数量: 0.
2019-12-04 14:19:08,947 - INFO - 23993 - 插入数据成功, id: 10000009, 名字: 透明色PC, 性别: 男, 粉丝数量: 4.
2019-12-04 14:19:08,947 - INFO - 24004 - 插入数据成功, id: 10100002, 名字: 三牙儿, 性别: 女, 粉丝数量: 3.
2019-12-04 14:19:09,127 - INFO - 23741 - 插入数据成功, id: 5600008, 名字: GhostXshadoW, 性别: 男, 粉丝数量: 20.
2019-12-04 14:19:09,339 - INFO - 24135 - 插入数据成功, id: 10900006, 名字: 泡泡Jin, 性别: 男, 粉丝数量: 18.
2019-12-04 14:19:09,361 - INFO - 23818 - 插入数据成功, id: 9500006, 名字: binli402837, 性别: 保密, 粉丝数量: 0.
2019-12-04 14:19:09,374 - INFO - 24255 - 插入数据成功, id: 11400003, 名字: 金枪鱼罐罐, 性别: 保密, 粉丝数量: 1.
2019-12-04 14:19:09,375 - INFO - 24077 - 插入数据成功, id: 10500003, 名字: 585858796, 性别: 保密, 粉丝数量: 1.
2019-12-04 14:19:09,721 - INFO - 23592 - 插入数据成功, id: 5100009, 名字: King丶shine, 性别: 保密, 粉丝数量: 0.
2019-12-04 14:19:09,738 - INFO - 23894 - 插入数据成功, id: 9700013, 名字: gxnjazq1245, 性别: 保密, 粉丝数量: 0.
2019-12-04 14:19:09,907 - INFO - 23993 - 插入数据成功, id: 10000010, 名字: 魔王修噬, 性别: 男, 粉丝数量: 1.
2019-12-04 14:19:10,015 - INFO - 23964 - 插入数据成功, id: 9900004, 名字: 熊迷, 性别: 保密, 粉丝数量: 0.
2019-12-04 14:19:10,032 - INFO - 23741 - 插入数据成功, id: 5600009, 名字: luckynb28, 性别: 保密, 粉丝数量: 0.
2019-12-04 14:19:10,103 - INFO - 23617 - 插入数据成功, id: 5200005, 名字: vmedoxhdr, 性别: 保密, 粉丝数量: 0.
2019-12-04 14:19:10,244 - INFO - 24077 - 插入数据成功, id: 10500004, 名字: 393978934, 性别: 保密, 粉丝数量: 0.
2019-12-04 14:19:10,396 - INFO - 23894 - 插入数据成功, id: 9700014, 名字: evyidni2930, 性别: 保密, 粉丝数量: 0.
2019-12-04 14:19:10,520 - INFO - 23993 - 插入数据成功, id: 10000011, 名字: 清晨mc, 性别: 保密, 粉丝数量: 1.
2019-12-04 14:19:10,574 - INFO - 23964 - 插入数据成功, id: 9900005, 名字: 巫豆豆, 性别: 保密, 粉丝数量: 0.
2019-12-04 14:19:10,635 - INFO - 23741 - 插入数据成功, id: 5600010, 名字: gvoebhgrh, 性别: 保密, 粉丝数量: 0.
2019-12-04 14:19:10,633 - INFO - 23813 - 插入数据成功, id: 9800005, 名字: cmmlhldbq, 性别: 保密, 粉丝数量: 0.
2019-12-04 14:19:10,637 - INFO - 23617 - 插入数据成功, id: 5200006, 名字: dibubu421, 性别: 保密, 粉丝数量: 0.
2019-12-04 14:19:10,710 - INFO - 24255 - 插入数据成功, id: 11400004, 名字: xxxholic2020, 性别: 保密, 粉丝数量: 23.
2019-12-04 14:19:10,825 - INFO - 23894 - 插入数据成功, id: 9700015, 名字: 混沌love, 性别: 保密, 粉丝数量: 0.
2019-12-04 14:19:11,006 - INFO - 23741 - 插入数据成功, id: 5600011, 名字: luckynb29, 性别: 保密, 粉丝数量: 0.
2019-12-04 14:19:11,006 - INFO - 23894 - 插入数据成功, id: 9700016, 名字: falali839628, 性别: 保密, 粉丝数量: 0.
2019-12-04 14:19:11,197 - INFO - 23617 - 插入数据成功, id: 5200007, 名字: Janet0703, 性别: 保密, 粉丝数量: 0.
2019-12-04 14:19:11,397 - INFO - 24135 - 插入数据成功, id: 10900007, 名字: 无节操的节操子, 性别: 保密, 粉丝数量: 406.
2019-12-04 14:19:11,559 - INFO - 24135 - 插入数据成功, id: 10900008, 名字: Gijbbgyubg, 性别: 保密, 粉丝数量: 0.
2019-12-04 14:19:11,734 - INFO - 24135 - 插入数据成功, id: 10900009, 名字: 福娃丶Samitar, 性别: 保密, 粉丝数量: 0.
2019-12-04 14:19:11,958 - INFO - 24135 - 插入数据成功, id: 10900010, 名字: 曹小劳, 性别: 保密, 粉丝数量: 0.
2019-12-04 14:19:12,437 - INFO - 23644 - 插入数据成功, id: 5300004, 名字: nkhfosiur, 性别: 保密, 粉丝数量: 0.
2019-12-04 14:19:12,516 - INFO - 24107 - 插入数据成功, id: 10700007, 名字: 旭一愿知妳的訫, 性别: 保密, 粉丝数量: 1.
2019-12-04 14:19:12,686 - INFO - 23669 - 插入数据成功, id: 5400008, 名字: shoukopp, 性别: 保密, 粉丝数量: 0.
2019-12-04 14:19:12,808 - INFO - 23644 - 插入数据成功, id: 5300005, 名字: 大码阿四君Muci, 性别: 女, 粉丝数量: 1.
2019-12-04 14:19:12,902 - INFO - 23818 - 插入数据成功, id: 9500007, 名字: 牛会飞, 性别: 保密, 粉丝数量: 0.
2019-12-04 14:19:12,927 - INFO - 24107 - 插入数据成功, id: 10700008, 名字: Starbucks0125, 性别: 保密, 粉丝数量: 0.
2019-12-04 14:19:13,209 - INFO - 23669 - 插入数据成功, id: 5400009, 名字: 漠墨默陌, 性别: 男, 粉丝数量: 2.
2019-12-04 14:19:13,270 - INFO - 24177 - 插入数据成功, id: 11100001, 名字: 白树开花L, 性别: 保密, 粉丝数量: 0.
2019-12-04 14:19:13,288 - INFO - 23644 - 插入数据成功, id: 5300006, 名字: 你别逗我aaa, 性别: 保密, 粉丝数量: 4.
2019-12-04 14:19:13,472 - INFO - 24177 - 插入数据成功, id: 11100002, 名字: 缃缃xxyy, 性别: 女, 粉丝数量: 0.
2019-12-04 14:19:13,517 - INFO - 23644 - 插入数据成功, id: 5300007, 名字: rucjzrfpf, 性别: 保密, 粉丝数量: 0.
2019-12-04 14:19:13,683 - INFO - 24177 - 插入数据成功, id: 11100003, 名字: fuyundao, 性别: 保密, 粉丝数量: 0.
2019-12-04 14:19:13,863 - INFO - 23818 - 插入数据成功, id: 9500008, 名字: 对待日语如初恋, 性别: 保密, 粉丝数量: 2.
2019-12-04 14:19:13,896 - INFO - 23644 - 插入数据成功, id: 5300008, 名字: 非怪兽哥斯拉, 性别: 保密, 粉丝数量: 0.
2019-12-04 14:19:14,182 - INFO - 23669 - 插入数据成功, id: 5400010, 名字: lz19900322, 性别: 保密, 粉丝数量: 0.
2019-12-04 14:19:14,182 - INFO - 23818 - 插入数据成功, id: 9500009, 名字: adalat1122, 性别: 保密, 粉丝数量: 0.
2019-12-04 14:19:14,455 - INFO - 24154 - 插入数据成功, id: 11000001, 名字: 御坂65号, 性别: 保密, 粉丝数量: 0.
2019-12-04 14:19:15,566 - INFO - 24004 - 插入数据成功, id: 10100003, 名字: 鱼丸小姐是个好姑娘, 性别: 女, 粉丝数量: 0.
2019-12-04 14:19:15,561 - INFO - 23854 - 插入数据成功, id: 9600008, 名字: tfboyz, 性别: 保密, 粉丝数量: 0.
2019-12-04 14:19:15,901 - INFO - 23854 - 插入数据成功, id: 9600009, 名字: 逍遥·乐天下, 性别: 男, 粉丝数量: 0.
2019-12-04 14:19:16,304 - INFO - 24018 - 插入数据成功, id: 10200006, 名字: a154612109, 性别: 保密, 粉丝数量: 0.
2019-12-04 14:19:16,858 - INFO - 24283 - 插入数据成功, id: 11500001, 名字: 无比正直的包子, 性别: 保密, 粉丝数量: 0.
2019-12-04 14:19:16,864 - INFO - 24202 - 插入数据成功, id: 11200002, 名字: dglll, 性别: 保密, 粉丝数量: 0.
2019-12-04 14:19:16,980 - INFO - 24059 - 插入数据成功, id: 10400003, 名字: wzxxwzjhs, 性别: 保密, 粉丝数量: 0.
2019-12-04 14:19:17,011 - INFO - 24018 - 插入数据成功, id: 10200007, 名字: luhu287035, 性别: 保密, 粉丝数量: 1.
2019-12-04 14:19:17,265 - INFO - 24283 - 插入数据成功, id: 11500002, 名字: shakalakabili, 性别: 保密, 粉丝数量: 0.
2019-12-04 14:19:17,432 - INFO - 24202 - 插入数据成功, id: 11200003, 名字: 灼眼云霞绕, 性别: 女, 粉丝数量: 12.
2019-12-04 14:19:17,710 - INFO - 23854 - 插入数据成功, id: 9600010, 名字: kk的小宇宙, 性别: 保密, 粉丝数量: 1.
2019-12-04 14:19:18,188 - INFO - 24226 - 插入数据成功, id: 11300002, 名字: 赫尔曼黑塞, 性别: 女, 粉丝数量: 9.
2019-12-04 14:19:18,188 - INFO - 24283 - 插入数据成功, id: 11500003, 名字: 浩浩砍人啦, 性别: 男, 粉丝数量: 0.
2019-12-04 14:19:18,189 - INFO - 23852 - 插入数据成功, id: 5900005, 名字: mjs34, 性别: 保密, 粉丝数量: 0.
2019-12-04 14:19:18,232 - INFO - 23854 - 插入数据成功, id: 9600011, 名字: hmmlhhigs, 性别: 保密, 粉丝数量: 0.
2019-12-04 14:19:19,442 - INFO - 24226 - 插入数据成功, id: 11300003, 名字: 洛颜生笙, 性别: 保密, 粉丝数量: 1.
2019-12-04 14:19:19,457 - INFO - 23815 - 插入数据成功, id: 5800005, 名字: 驯鹿鹿勋, 性别: 保密, 粉丝数量: 1.
2019-12-04 14:19:19,457 - INFO - 23669 - 插入数据成功, id: 5400011, 名字: 大面条a, 性别: 保密, 粉丝数量: 0.
2019-12-04 14:19:19,459 - INFO - 23852 - 插入数据成功, id: 5900006, 名字: 闇之幻想, 性别: 保密, 粉丝数量: 0.
2019-12-04 14:19:19,458 - INFO - 24120 - 插入数据成功, id: 10800001, 名字: kylin20150817, 性别: 保密, 粉丝数量: 0.
2019-12-04 14:19:19,452 - INFO - 23702 - 插入数据成功, id: 9500010, 名字: jmmlhvpe2, 性别: 保密, 粉丝数量: 0.
2019-12-04 14:19:20,003 - INFO - 23938 - 插入数据成功, id: 9800006, 名字: nnjgxs37, 性别: 保密, 粉丝数量: 0.
2019-12-04 14:19:20,011 - INFO - 23669 - 插入数据成功, id: 5400012, 名字: 诗乃提款机, 性别: 保密, 粉丝数量: 21.
2019-12-04 14:19:20,011 - INFO - 23702 - 插入数据成功, id: 9500011, 名字: jgqpsz, 性别: 保密, 粉丝数量: 0.
2019-12-04 14:19:20,028 - INFO - 23815 - 插入数据成功, id: 5800006, 名字: 傲世凌东, 性别: 保密, 粉丝数量: 0.
2019-12-04 14:19:20,154 - INFO - 24226 - 插入数据成功, id: 11300004, 名字: 清风很冷, 性别: 保密, 粉丝数量: 0.
2019-12-04 14:19:20,254 - INFO - 23894 - 插入数据成功, id: 9700017, 名字: 胖头鱼马克西姆, 性别: 男, 粉丝数量: 0.
2019-12-04 14:19:20,536 - INFO - 23702 - 插入数据成功, id: 9500012, 名字: Caidiame, 性别: 保密, 粉丝数量: 0.
2019-12-04 14:19:20,586 - INFO - 23815 - 插入数据成功, id: 5800007, 名字: cocoj, 性别: 保密, 粉丝数量: 0.
2019-12-04 14:19:20,586 - INFO - 24226 - 插入数据成功, id: 11300005, 名字: 赤$瞳, 性别: 男, 粉丝数量: 0.
2019-12-04 14:19:20,672 - INFO - 23894 - 插入数据成功, id: 9700018, 名字: 周柏然哎哟喂, 性别: 保密, 粉丝数量: 1.
2019-12-04 14:19:20,871 - INFO - 24077 - 插入数据成功, id: 10500005, 名字: sixiaoaaaa, 性别: 保密, 粉丝数量: 0.
2019-12-04 14:19:21,107 - INFO - 23702 - 插入数据成功, id: 9500013, 名字: 625511339, 性别: 保密, 粉丝数量: 0.
2019-12-04 14:19:21,277 - INFO - 23894 - 插入数据成功, id: 9700019, 名字: 空空大道人, 性别: 保密, 粉丝数量: 0.
2019-12-04 14:19:21,432 - INFO - 23964 - 插入数据成功, id: 9900006, 名字: 安然无恙君可知, 性别: 保密, 粉丝数量: 0.
2019-12-04 14:19:21,527 - INFO - 24096 - 插入数据成功, id: 10600007, 名字: 413139304721, 性别: 保密, 粉丝数量: 0.
2019-12-04 14:19:21,794 - INFO - 24077 - 插入数据成功, id: 10500006, 名字: 最近傻傻的土狼, 性别: 男, 粉丝数量: 0.
2019-12-04 14:19:21,979 - INFO - 23993 - 插入数据成功, id: 10000012, 名字: bili_10000012, 性别: 保密, 粉丝数量: 1.
2019-12-04 14:19:22,201 - INFO - 23702 - 插入数据成功, id: 9500014, 名字: 所以呢呢呢呢, 性别: 女, 粉丝数量: 0.
2019-12-04 14:19:22,311 - INFO - 23894 - 插入数据成功, id: 9700020, 名字: 曾经的大虾, 性别: 保密, 粉丝数量: 0.
2019-12-04 14:19:22,417 - INFO - 24096 - 插入数据成功, id: 10600008, 名字: 516964832465, 性别: 保密, 粉丝数量: 0.
2019-12-04 14:19:22,418 - INFO - 23938 - 插入数据成功, id: 9800007, 名字: jmmlh20ht, 性别: 保密, 粉丝数量: 0.
2019-12-04 14:19:22,699 - INFO - 24077 - 插入数据成功, id: 10500007, 名字: 娄帮, 性别: 保密, 粉丝数量: 0.
2019-12-04 14:19:22,837 - INFO - 24135 - 插入数据成功, id: 10900011, 名字: 一睾人蛋大, 性别: 男, 粉丝数量: 1.
2019-12-04 14:19:23,072 - INFO - 23894 - 插入数据成功, id: 9700021, 名字: manual5200, 性别: 保密, 粉丝数量: 0.
2019-12-04 14:19:23,298 - INFO - 24096 - 插入数据成功, id: 10600009, 名字: liumengsha85843, 性别: 保密, 粉丝数量: 0.
2019-12-04 14:19:23,338 - INFO - 24135 - 插入数据成功, id: 10900012, 名字: 飞翔的力量, 性别: 保密, 粉丝数量: 0.
2019-12-04 14:19:23,625 - INFO - 23894 - 插入数据成功, id: 9700022, 名字: 尾巴KINOR, 性别: 男, 粉丝数量: 0.
2019-12-04 14:19:23,666 - INFO - 24107 - 插入数据成功, id: 10700009, 名字: herocheng, 性别: 保密, 粉丝数量: 0.
2019-12-04 14:19:23,831 - INFO - 24135 - 插入数据成功, id: 10900013, 名字: 杨洋羊村村委会, 性别: 保密, 粉丝数量: 424.
2019-12-04 14:19:24,066 - INFO - 24202 - 插入数据成功, id: 11200004, 名字: 15821897101, 性别: 男, 粉丝数量: 0.
2019-12-04 14:19:24,314 - INFO - 23894 - 插入数据成功, id: 9700023, 名字: linken693842, 性别: 保密, 粉丝数量: 0.
2019-12-04 14:19:24,602 - INFO - 24107 - 插入数据成功, id: 10700010, 名字: rtbz4450, 性别: 保密, 粉丝数量: 1.
2019-12-04 14:19:24,609 - INFO - 24135 - 插入数据成功, id: 10900014, 名字: 疯子阿锋叔, 性别: 保密, 粉丝数量: 0.
2019-12-04 14:19:24,602 - INFO - 23705 - 插入数据成功, id: 5500005, 名字: ifshjuhyd, 性别: 保密, 粉丝数量: 0.
2019-12-04 14:19:24,885 - INFO - 24177 - 插入数据成功, id: 11100004, 名字: DsSuger, 性别: 保密, 粉丝数量: 0.
2019-12-04 14:19:25,097 - INFO - 23781 - 插入数据成功, id: 5700007, 名字: DYRFZY, 性别: 保密, 粉丝数量: 0.
2019-12-04 14:19:25,098 - INFO - 24202 - 插入数据成功, id: 11200005, 名字: 上鋪我兒子, 性别: 男, 粉丝数量: 2.
2019-12-04 14:19:25,341 - INFO - 24135 - 插入数据成功, id: 10900015, 名字: 绅士老胡, 性别: 保密, 粉丝数量: 0.
2019-12-04 14:19:25,341 - INFO - 23705 - 插入数据成功, id: 5500006, 名字: 铭刻cj, 性别: 保密, 粉丝数量: 0.
2019-12-04 14:19:25,714 - INFO - 23781 - 插入数据成功, id: 5700008, 名字: 会流汗的雪碧, 性别: 保密, 粉丝数量: 1.
2019-12-04 14:19:25,774 - INFO - 24135 - 插入数据成功, id: 10900016, 名字: SterbenLL, 性别: 保密, 粉丝数量: 0.
2019-12-04 14:19:25,864 - INFO - 23705 - 插入数据成功, id: 5500007, 名字: earthangel, 性别: 保密, 粉丝数量: 0.
2019-12-04 14:19:26,177 - INFO - 23781 - 插入数据成功, id: 5700009, 名字: Jackow, 性别: 保密, 粉丝数量: 0.
2019-12-04 14:19:26,178 - INFO - 23705 - 插入数据成功, id: 5500008, 名字: iuqcbfwws, 性别: 保密, 粉丝数量: 0.
2019-12-04 14:19:26,179 - INFO - 24004 - 插入数据成功, id: 10100004, 名字: 萌蔥, 性别: 保密, 粉丝数量: 1.
2019-12-04 14:19:26,487 - INFO - 23781 - 插入数据成功, id: 5700010, 名字: t1063522726, 性别: 保密, 粉丝数量: 0.
2019-12-04 14:19:26,512 - INFO - 23705 - 插入数据成功, id: 5500009, 名字: lzabrstmo, 性别: 保密, 粉丝数量: 0.
2019-12-04 14:19:26,723 - INFO - 23781 - 插入数据成功, id: 5700011, 名字: xiaoxiao007, 性别: 保密, 粉丝数量: 0.
2019-12-04 14:19:26,804 - INFO - 23705 - 插入数据成功, id: 5500010, 名字: bywcipsog, 性别: 保密, 粉丝数量: 0.
2019-12-04 14:19:27,274 - INFO - 24135 - 插入数据成功, id: 10900017, 名字: 活力ob肉圆, 性别: 女, 粉丝数量: 1.
2019-12-04 14:19:27,466 - INFO - 24018 - 插入数据成功, id: 10200008, 名字: 倾城Nagato, 性别: 保密, 粉丝数量: 0.
2019-12-04 14:19:28,001 - INFO - 24135 - 插入数据成功, id: 10900018, 名字: 十六·贝尔蒙特, 性别: 男, 粉丝数量: 0.
2019-12-04 14:19:28,918 - INFO - 24283 - 插入数据成功, id: 11500004, 名字: 微凉124, 性别: 保密, 粉丝数量: 0.
2019-12-04 14:19:29,135 - INFO - 24283 - 插入数据成功, id: 11500005, 名字: wanna913, 性别: 保密, 粉丝数量: 0.
2019-12-04 14:19:29,355 - INFO - 24283 - 插入数据成功, id: 11500006, 名字: tt2251705260, 性别: 保密, 粉丝数量: 0.
2019-12-04 14:19:30,033 - INFO - 23892 - 插入数据成功, id: 6000007, 名字: 黠透, 性别: 保密, 粉丝数量: 0.
2019-12-04 14:19:30,160 - INFO - 23852 - 插入数据成功, id: 5900007, 名字: 阿修罗姬, 性别: 保密, 粉丝数量: 0.
2019-12-04 14:19:30,404 - INFO - 23592 - 插入数据成功, id: 5100010, 名字: w5971317, 性别: 保密, 粉丝数量: 0.
2019-12-04 14:19:30,407 - INFO - 23852 - 插入数据成功, id: 5900008, 名字: 虫合虫合哈哈, 性别: 保密, 粉丝数量: 0.
2019-12-04 14:19:30,507 - INFO - 23644 - 插入数据成功, id: 5300009, 名字: ming墨, 性别: 保密, 粉丝数量: 0.
2019-12-04 14:19:30,725 - INFO - 24120 - 插入数据成功, id: 10800002, 名字: NULLsoft, 性别: 保密, 粉丝数量: 0.
2019-12-04 14:19:30,811 - INFO - 24037 - 插入数据成功, id: 10300005, 名字: shaofeng, 性别: 保密, 粉丝数量: 0.
2019-12-04 14:19:31,000 - INFO - 24226 - 插入数据成功, id: 11300006, 名字: 夏温存, 性别: 保密, 粉丝数量: 0.
2019-12-04 14:19:31,127 - INFO - 24226 - 插入数据成功, id: 11300007, 名字: 吃货月酱, 性别: 保密, 粉丝数量: 0.
2019-12-04 14:19:31,280 - INFO - 24226 - 插入数据成功, id: 11300008, 名字: 我姓刘却留不住你的心, 性别: 保密, 粉丝数量: 0.
2019-12-04 14:19:31,433 - INFO - 24226 - 插入数据成功, id: 11300009, 名字: iamNene, 性别: 保密, 粉丝数量: 0.
2019-12-04 14:19:31,590 - INFO - 24226 - 插入数据成功, id: 11300010, 名字: 多收费, 性别: 保密, 粉丝数量: 1.
2019-12-04 14:19:31,860 - INFO - 23741 - 插入数据成功, id: 5600012, 名字: mgjcjgzya, 性别: 保密, 粉丝数量: 0.
2019-12-04 14:19:32,141 - INFO - 23964 - 插入数据成功, id: 9900007, 名字: 尼玛摘了王伯伯的蛋, 性别: 保密, 粉丝数量: 0.
